生成启动时间为 2022/6/8 12:34:25。
     1>项目“C:\Users\SpongeBob\documents\visual studio 2010\Projects\校园导览系统\校园导览系统\校园导览系统.vcxproj”在节点 2 上(build 个目标)。
     1>InitializeBuildStatus:
         正在对“Debug\校园导览系统.unsuccessfulbuild”执行 Touch 任务。
       ClCompile:
         所有输出均为最新。
       ManifestResourceCompile:
         所有输出均为最新。
       Link:
         c:\Program Files (x86)\Microsoft Visual Studio 10.0\VC\bin\link.exe /ERRORREPORT:PROMPT /OUT:"C:\Users\SpongeBob\documents\visual studio 2010\Projects\校园导览系统\Debug\校园导览系统.exe" /INCREMENTAL /NOLOGO kernel32.lib user32.lib gdi32.lib winspool.lib comdlg32.lib advapi32.lib shell32.lib ole32.lib oleaut32.lib uuid.lib odbc32.lib odbccp32.lib /MANIFEST /ManifestFile:"Debug\校园导览系统.exe.intermediate.manifest" /MANIFESTUAC:"level='asInvoker' uiAccess='false'" /DEBUG /PDB:"C:\Users\SpongeBob\documents\visual studio 2010\Projects\校园导览系统\Debug\校园导览系统.pdb" /SUBSYSTEM:CONSOLE /TLBID:1 /DYNAMICBASE /NXCOMPAT /IMPLIB:"C:\Users\SpongeBob\documents\visual studio 2010\Projects\校园导览系统\Debug\校园导览系统.lib" /MACHINE:X86 "Debug\校园导览系统.exe.embed.manifest.res"
         "Debug\校园导览系统.obj"
       Manifest:
         c:\Program Files (x86)\Microsoft SDKs\Windows\v7.0A\bin\mt.exe /nologo /verbose /out:"Debug\校园导览系统.exe.embed.manifest" /manifest "Debug\校园导览系统.exe.intermediate.manifest"
         所有输出均为最新。
       LinkEmbedManifest:
         所有输出均为最新。
         校园导览系统.vcxproj -> C:\Users\SpongeBob\documents\visual studio 2010\Projects\校园导览系统\Debug\校园导览系统.exe
       FinalizeBuildStatus:
         正在删除文件“Debug\校园导览系统.unsuccessfulbuild”。
         正在对“Debug\校园导览系统.lastbuildstate”执行 Touch 任务。
     1>已完成生成项目“C:\Users\SpongeBob\documents\visual studio 2010\Projects\校园导览系统\校园导览系统\校园导览系统.vcxproj”(build 个目标)的操作。

生成成功。

已用时间 00:00:00.49
